<?xml version="1.0" encoding="UTF-8"?>
<coverage generated="1593788704237" clover="3.2.0">
  <project timestamp="1593788704238" name="All files">
    <metrics statements="75" coveredstatements="73" conditionals="15" coveredconditionals="10" methods="20" coveredmethods="20" elements="110" coveredelements="103" complexity="0" loc="75" ncloc="75" packages="2" files="6" classes="6"/>
    <package name="test-utils">
      <metrics statements="30" coveredstatements="30" conditionals="2" coveredconditionals="2" methods="13" coveredmethods="13"/>
      <file name="describe-page.js" path="/Users/jkodu/work/deque/act-rules.github.io/test-utils/describe-page.js">
        <metrics statements="11" coveredstatements="11" conditionals="0" coveredconditionals="0" methods="5" coveredmethods="5"/>
        <line num="1" count="5" type="stmt"/>
        <line num="2" count="5" type="stmt"/>
        <line num="11" count="5" type="stmt"/>
        <line num="15" count="5" type="stmt"/>
        <line num="16" count="195" type="stmt"/>
        <line num="18" count="5" type="stmt"/>
        <line num="19" count="280" type="stmt"/>
        <line num="20" count="280" type="stmt"/>
        <line num="21" count="280" type="stmt"/>
        <line num="22" count="280" type="stmt"/>
        <line num="28" count="5" type="stmt"/>
      </file>
      <file name="describe-rule.js" path="/Users/jkodu/work/deque/act-rules.github.io/test-utils/describe-rule.js">
        <metrics statements="19" coveredstatements="19" conditionals="2" coveredconditionals="2" methods="8" coveredmethods="8"/>
        <line num="1" count="10" type="stmt"/>
        <line num="2" count="10" type="stmt"/>
        <line num="3" count="10" type="stmt"/>
        <line num="10" count="10" type="stmt"/>
        <line num="14" count="10" type="stmt"/>
        <line num="15" count="280" type="stmt"/>
        <line num="17" count="390" type="stmt"/>
        <line num="20" count="10" type="stmt"/>
        <line num="21" count="660" type="stmt"/>
        <line num="22" count="660" type="stmt"/>
        <line num="23" count="660" type="stmt"/>
        <line num="24" count="660" type="stmt"/>
        <line num="30" count="10" type="stmt"/>
        <line num="38" count="10" type="stmt"/>
        <line num="39" count="660" type="stmt"/>
        <line num="40" count="660" type="stmt"/>
        <line num="41" count="660" type="cond" truecount="2" falsecount="0"/>
        <line num="42" count="590" type="stmt"/>
        <line num="44" count="660" type="stmt"/>
      </file>
    </package>
    <package name="utils">
      <metrics statements="45" coveredstatements="43" conditionals="13" coveredconditionals="8" methods="7" coveredmethods="7"/>
      <file name="get-all-matches-for-regex.js" path="/Users/jkodu/work/deque/act-rules.github.io/utils/get-all-matches-for-regex.js">
        <metrics statements="17" coveredstatements="16" conditionals="7" coveredconditionals="4" methods="2" coveredmethods="2"/>
        <line num="8" count="1" type="cond" truecount="0" falsecount="1"/>
        <line num="9" count="236" type="cond" truecount="1" falsecount="1"/>
        <line num="10" count="0" type="stmt"/>
        <line num="13" count="236" type="stmt"/>
        <line num="16" count="591" type="stmt"/>
        <line num="17" count="591" type="cond" truecount="2" falsecount="0"/>
        <line num="18" count="355" type="stmt"/>
        <line num="19" count="355" type="stmt"/>
        <line num="20" count="355" type="cond" truecount="1" falsecount="1"/>
        <line num="26" count="355" type="stmt"/>
        <line num="31" count="355" type="stmt"/>
        <line num="32" count="355" type="stmt"/>
        <line num="33" count="355" type="stmt"/>
        <line num="35" count="591" type="stmt"/>
        <line num="38" count="236" type="stmt"/>
        <line num="40" count="236" type="stmt"/>
        <line num="43" count="1" type="stmt"/>
      </file>
      <file name="get-markdown-ast-nodes-of-type.js" path="/Users/jkodu/work/deque/act-rules.github.io/utils/get-markdown-ast-nodes-of-type.js">
        <metrics statements="10" coveredstatements="9" conditionals="5" coveredconditionals="3" methods="2" coveredmethods="2"/>
        <line num="1" count="5" type="stmt"/>
        <line num="2" count="5" type="stmt"/>
        <line num="11" count="5" type="cond" truecount="0" falsecount="1"/>
        <line num="12" count="776" type="stmt"/>
        <line num="13" count="776" type="cond" truecount="3" falsecount="1"/>
        <line num="14" count="0" type="stmt"/>
        <line num="17" count="776" type="stmt"/>
        <line num="18" count="6184" type="stmt"/>
        <line num="20" count="776" type="stmt"/>
        <line num="23" count="5" type="stmt"/>
      </file>
      <file name="get-markdown-data.js" path="/Users/jkodu/work/deque/act-rules.github.io/utils/get-markdown-data.js">
        <metrics statements="16" coveredstatements="16" conditionals="1" coveredconditionals="1" methods="2" coveredmethods="2"/>
        <line num="1" count="10" type="stmt"/>
        <line num="2" count="10" type="stmt"/>
        <line num="3" count="10" type="stmt"/>
        <line num="4" count="10" type="stmt"/>
        <line num="5" count="10" type="stmt"/>
        <line num="6" count="10" type="stmt"/>
        <line num="7" count="10" type="stmt"/>
        <line num="16" count="10" type="cond" truecount="1" falsecount="0"/>
        <line num="17" count="30" type="stmt"/>
        <line num="18" count="1525" type="stmt"/>
        <line num="20" count="1525" type="stmt"/>
        <line num="21" count="1525" type="stmt"/>
        <line num="24" count="1525" type="stmt"/>
        <line num="26" count="1525" type="stmt"/>
        <line num="27" count="1525" type="stmt"/>
        <line num="37" count="10" type="stmt"/>
      </file>
      <file name="unique-array.js" path="/Users/jkodu/work/deque/act-rules.github.io/utils/unique-array.js">
        <metrics statements="2" coveredstatements="2" conditionals="0" coveredconditionals="0" methods="1" coveredmethods="1"/>
        <line num="6" count="417" type="stmt"/>
        <line num="9" count="3" type="stmt"/>
      </file>
    </package>
  </project>
</coverage>
