{"/Users/jkodu/work/deque/act-rules.github.io/test-utils/describe-page.js": {"path":"/Users/jkodu/work/deque/act-rules.github.io/test-utils/describe-page.js","statementMap":{"0":{"start":{"line":1,"column":24},"end":{"line":1,"column":61}},"1":{"start":{"line":2,"column":18},"end":{"line":4,"column":2}},"2":{"start":{"line":11,"column":21},"end":{"line":26,"column":1}},"3":{"start":{"line":15,"column":18},"end":{"line":17,"column":2}},"4":{"start":{"line":16,"column":77},"end":{"line":16,"column":92}},"5":{"start":{"line":18,"column":1},"end":{"line":25,"column":3}},"6":{"start":{"line":19,"column":23},"end":{"line":19,"column":31}},"7":{"start":{"line":20,"column":2},"end":{"line":24,"column":4}},"8":{"start":{"line":21,"column":3},"end":{"line":23,"column":5}},"9":{"start":{"line":22,"column":4},"end":{"line":22,"column":32}},"10":{"start":{"line":28,"column":0},"end":{"line":28,"column":29}}},"fnMap":{"0":{"name":"(anonymous_0)","decl":{"start":{"line":11,"column":21},"end":{"line":11,"column":22}},"loc":{"start":{"line":11,"column":46},"end":{"line":26,"column":1}},"line":11},"1":{"name":"(anonymous_1)","decl":{"start":{"line":16,"column":56},"end":{"line":16,"column":57}},"loc":{"start":{"line":16,"column":77},"end":{"line":16,"column":92}},"line":16},"2":{"name":"(anonymous_2)","decl":{"start":{"line":18,"column":19},"end":{"line":18,"column":20}},"loc":{"start":{"line":18,"column":31},"end":{"line":25,"column":2}},"line":18},"3":{"name":"(anonymous_3)","decl":{"start":{"line":20,"column":21},"end":{"line":20,"column":22}},"loc":{"start":{"line":20,"column":27},"end":{"line":24,"column":3}},"line":20},"4":{"name":"(anonymous_4)","decl":{"start":{"line":21,"column":23},"end":{"line":21,"column":24}},"loc":{"start":{"line":21,"column":29},"end":{"line":23,"column":4}},"line":21}},"branchMap":{},"s":{"0":5,"1":5,"2":5,"3":5,"4":195,"5":5,"6":280,"7":280,"8":280,"9":280,"10":5},"f":{"0":5,"1":195,"2":280,"3":280,"4":280},"b":{},"_coverageSchema":"1a1c01bbd47fc00a2c39e90264f33305004495a9","hash":"e9cf0029813ee73cff8f17018b574c17a7d64650"}
,"/Users/jkodu/work/deque/act-rules.github.io/test-utils/describe-rule.js": {"path":"/Users/jkodu/work/deque/act-rules.github.io/test-utils/describe-rule.js","statementMap":{"0":{"start":{"line":1,"column":25},"end":{"line":1,"column":51}},"1":{"start":{"line":2,"column":24},"end":{"line":2,"column":61}},"2":{"start":{"line":3,"column":18},"end":{"line":3,"column":45}},"3":{"start":{"line":10,"column":21},"end":{"line":28,"column":1}},"4":{"start":{"line":14,"column":18},"end":{"line":18,"column":2}},"5":{"start":{"line":15,"column":48},"end":{"line":15,"column":78}},"6":{"start":{"line":17,"column":77},"end":{"line":17,"column":92}},"7":{"start":{"line":20,"column":1},"end":{"line":27,"column":3}},"8":{"start":{"line":21,"column":23},"end":{"line":21,"column":31}},"9":{"start":{"line":22,"column":2},"end":{"line":26,"column":4}},"10":{"start":{"line":23,"column":3},"end":{"line":25,"column":5}},"11":{"start":{"line":24,"column":4},"end":{"line":24,"column":32}},"12":{"start":{"line":30,"column":0},"end":{"line":30,"column":29}},"13":{"start":{"line":38,"column":1},"end":{"line":45,"column":7}},"14":{"start":{"line":39,"column":26},"end":{"line":39,"column":34}},"15":{"start":{"line":40,"column":28},"end":{"line":40,"column":39}},"16":{"start":{"line":41,"column":2},"end":{"line":43,"column":3}},"17":{"start":{"line":42,"column":3},"end":{"line":42,"column":15}},"18":{"start":{"line":44,"column":2},"end":{"line":44,"column":12}}},"fnMap":{"0":{"name":"(anonymous_0)","decl":{"start":{"line":10,"column":21},"end":{"line":10,"column":22}},"loc":{"start":{"line":10,"column":46},"end":{"line":28,"column":1}},"line":10},"1":{"name":"(anonymous_1)","decl":{"start":{"line":15,"column":33},"end":{"line":15,"column":34}},"loc":{"start":{"line":15,"column":48},"end":{"line":15,"column":78}},"line":15},"2":{"name":"(anonymous_2)","decl":{"start":{"line":17,"column":56},"end":{"line":17,"column":57}},"loc":{"start":{"line":17,"column":77},"end":{"line":17,"column":92}},"line":17},"3":{"name":"(anonymous_3)","decl":{"start":{"line":20,"column":19},"end":{"line":20,"column":20}},"loc":{"start":{"line":20,"column":31},"end":{"line":27,"column":2}},"line":20},"4":{"name":"(anonymous_4)","decl":{"start":{"line":22,"column":21},"end":{"line":22,"column":22}},"loc":{"start":{"line":22,"column":27},"end":{"line":26,"column":3}},"line":22},"5":{"name":"(anonymous_5)","decl":{"start":{"line":23,"column":23},"end":{"line":23,"column":24}},"loc":{"start":{"line":23,"column":29},"end":{"line":25,"column":4}},"line":23},"6":{"name":"getRuleIdsOfRuleType","decl":{"start":{"line":37,"column":9},"end":{"line":37,"column":29}},"loc":{"start":{"line":37,"column":46},"end":{"line":46,"column":1}},"line":37},"7":{"name":"(anonymous_7)","decl":{"start":{"line":38,"column":20},"end":{"line":38,"column":21}},"loc":{"start":{"line":38,"column":39},"end":{"line":45,"column":2}},"line":38}},"branchMap":{"0":{"loc":{"start":{"line":41,"column":2},"end":{"line":43,"column":3}},"type":"if","locations":[{"start":{"line":41,"column":2},"end":{"line":43,"column":3}},{"start":{"line":41,"column":2},"end":{"line":43,"column":3}}],"line":41}},"s":{"0":10,"1":10,"2":10,"3":10,"4":10,"5":280,"6":390,"7":10,"8":660,"9":660,"10":660,"11":660,"12":10,"13":10,"14":660,"15":660,"16":660,"17":590,"18":660},"f":{"0":10,"1":280,"2":390,"3":660,"4":660,"5":660,"6":10,"7":660},"b":{"0":[590,70]},"_coverageSchema":"1a1c01bbd47fc00a2c39e90264f33305004495a9","hash":"7081c2a4d7a0c702e947a00c770157c4fa670c1f"}
,"/Users/jkodu/work/deque/act-rules.github.io/utils/get-all-matches-for-regex.js": {"path":"/Users/jkodu/work/deque/act-rules.github.io/utils/get-all-matches-for-regex.js","statementMap":{"0":{"start":{"line":8,"column":30},"end":{"line":41,"column":1}},"1":{"start":{"line":9,"column":1},"end":{"line":11,"column":2}},"2":{"start":{"line":10,"column":2},"end":{"line":10,"column":52}},"3":{"start":{"line":13,"column":16},"end":{"line":13,"column":18}},"4":{"start":{"line":16,"column":16},"end":{"line":16,"column":43}},"5":{"start":{"line":17,"column":2},"end":{"line":34,"column":3}},"6":{"start":{"line":18,"column":23},"end":{"line":18,"column":31}},"7":{"start":{"line":19,"column":22},"end":{"line":19,"column":30}},"8":{"start":{"line":20,"column":19},"end":{"line":25,"column":8}},"9":{"start":{"line":26,"column":17},"end":{"line":30,"column":4}},"10":{"start":{"line":31,"column":3},"end":{"line":31,"column":21}},"11":{"start":{"line":32,"column":23},"end":{"line":32,"column":51}},"12":{"start":{"line":33,"column":3},"end":{"line":33,"column":24}},"13":{"start":{"line":35,"column":2},"end":{"line":35,"column":8}},"14":{"start":{"line":38,"column":1},"end":{"line":38,"column":24}},"15":{"start":{"line":40,"column":1},"end":{"line":40,"column":14}},"16":{"start":{"line":43,"column":0},"end":{"line":43,"column":38}}},"fnMap":{"0":{"name":"(anonymous_0)","decl":{"start":{"line":8,"column":30},"end":{"line":8,"column":31}},"loc":{"start":{"line":8,"column":79},"end":{"line":41,"column":1}},"line":8},"1":{"name":"getMatch","decl":{"start":{"line":15,"column":10},"end":{"line":15,"column":18}},"loc":{"start":{"line":15,"column":24},"end":{"line":36,"column":2}},"line":15}},"branchMap":{"0":{"loc":{"start":{"line":8,"column":53},"end":{"line":8,"column":74}},"type":"default-arg","locations":[{"start":{"line":8,"column":70},"end":{"line":8,"column":74}}],"line":8},"1":{"loc":{"start":{"line":9,"column":1},"end":{"line":11,"column":2}},"type":"if","locations":[{"start":{"line":9,"column":1},"end":{"line":11,"column":2}},{"start":{"line":9,"column":1},"end":{"line":11,"column":2}}],"line":9},"2":{"loc":{"start":{"line":17,"column":2},"end":{"line":34,"column":3}},"type":"if","locations":[{"start":{"line":17,"column":2},"end":{"line":34,"column":3}},{"start":{"line":17,"column":2},"end":{"line":34,"column":3}}],"line":17},"3":{"loc":{"start":{"line":20,"column":19},"end":{"line":25,"column":8}},"type":"cond-expr","locations":[{"start":{"line":21,"column":6},"end":{"line":24,"column":7}},{"start":{"line":25,"column":6},"end":{"line":25,"column":8}}],"line":20}},"s":{"0":1,"1":236,"2":0,"3":236,"4":591,"5":591,"6":355,"7":355,"8":355,"9":355,"10":355,"11":355,"12":355,"13":591,"14":236,"15":236,"16":1},"f":{"0":236,"1":591},"b":{"0":[0],"1":[0,236],"2":[355,236],"3":[0,355]},"_coverageSchema":"1a1c01bbd47fc00a2c39e90264f33305004495a9","hash":"084532c9128f8c63093aecd07f905ada8bf3679e"}
,"/Users/jkodu/work/deque/act-rules.github.io/utils/get-markdown-ast-nodes-of-type.js": {"path":"/Users/jkodu/work/deque/act-rules.github.io/utils/get-markdown-ast-nodes-of-type.js","statementMap":{"0":{"start":{"line":1,"column":15},"end":{"line":1,"column":32}},"1":{"start":{"line":2,"column":14},"end":{"line":2,"column":41}},"2":{"start":{"line":11,"column":34},"end":{"line":21,"column":1}},"3":{"start":{"line":12,"column":15},"end":{"line":12,"column":17}},"4":{"start":{"line":13,"column":1},"end":{"line":15,"column":2}},"5":{"start":{"line":14,"column":2},"end":{"line":14,"column":14}},"6":{"start":{"line":17,"column":1},"end":{"line":19,"column":3}},"7":{"start":{"line":18,"column":2},"end":{"line":18,"column":18}},"8":{"start":{"line":20,"column":1},"end":{"line":20,"column":13}},"9":{"start":{"line":23,"column":0},"end":{"line":23,"column":42}}},"fnMap":{"0":{"name":"(anonymous_0)","decl":{"start":{"line":11,"column":34},"end":{"line":11,"column":35}},"loc":{"start":{"line":11,"column":69},"end":{"line":21,"column":1}},"line":11},"1":{"name":"(anonymous_1)","decl":{"start":{"line":17,"column":26},"end":{"line":17,"column":27}},"loc":{"start":{"line":17,"column":34},"end":{"line":19,"column":2}},"line":17}},"branchMap":{"0":{"loc":{"start":{"line":11,"column":48},"end":{"line":11,"column":64}},"type":"default-arg","locations":[{"start":{"line":11,"column":55},"end":{"line":11,"column":64}}],"line":11},"1":{"loc":{"start":{"line":13,"column":1},"end":{"line":15,"column":2}},"type":"if","locations":[{"start":{"line":13,"column":1},"end":{"line":15,"column":2}},{"start":{"line":13,"column":1},"end":{"line":15,"column":2}}],"line":13},"2":{"loc":{"start":{"line":13,"column":5},"end":{"line":13,"column":26}},"type":"binary-expr","locations":[{"start":{"line":13,"column":5},"end":{"line":13,"column":17}},{"start":{"line":13,"column":21},"end":{"line":13,"column":26}}],"line":13}},"s":{"0":5,"1":5,"2":5,"3":776,"4":776,"5":0,"6":776,"7":6184,"8":776,"9":5},"f":{"0":776,"1":6184},"b":{"0":[0],"1":[0,776],"2":[776,776]},"_coverageSchema":"1a1c01bbd47fc00a2c39e90264f33305004495a9","hash":"be8fa01b5e5e9f6f7984d612bd555f714adbdbf6"}
,"/Users/jkodu/work/deque/act-rules.github.io/utils/get-markdown-data.js": {"path":"/Users/jkodu/work/deque/act-rules.github.io/utils/get-markdown-data.js","statementMap":{"0":{"start":{"line":1,"column":11},"end":{"line":1,"column":24}},"1":{"start":{"line":2,"column":15},"end":{"line":2,"column":32}},"2":{"start":{"line":3,"column":13},"end":{"line":3,"column":28}},"3":{"start":{"line":4,"column":19},"end":{"line":4,"column":40}},"4":{"start":{"line":5,"column":16},"end":{"line":5,"column":34}},"5":{"start":{"line":6,"column":20},"end":{"line":6,"column":43}},"6":{"start":{"line":7,"column":26},"end":{"line":7,"column":55}},"7":{"start":{"line":16,"column":24},"end":{"line":35,"column":1}},"8":{"start":{"line":17,"column":1},"end":{"line":34,"column":3}},"9":{"start":{"line":18,"column":19},"end":{"line":18,"column":48}},"10":{"start":{"line":20,"column":23},"end":{"line":20,"column":75}},"11":{"start":{"line":21,"column":27},"end":{"line":23,"column":26}},"12":{"start":{"line":24,"column":22},"end":{"line":24,"column":58}},"13":{"start":{"line":26,"column":44},"end":{"line":26,"column":68}},"14":{"start":{"line":27,"column":2},"end":{"line":33,"column":3}},"15":{"start":{"line":37,"column":0},"end":{"line":37,"column":32}}},"fnMap":{"0":{"name":"(anonymous_0)","decl":{"start":{"line":16,"column":24},"end":{"line":16,"column":25}},"loc":{"start":{"line":16,"column":47},"end":{"line":35,"column":1}},"line":16},"1":{"name":"(anonymous_1)","decl":{"start":{"line":17,"column":56},"end":{"line":17,"column":57}},"loc":{"start":{"line":17,"column":72},"end":{"line":34,"column":2}},"line":17}},"branchMap":{"0":{"loc":{"start":{"line":16,"column":30},"end":{"line":16,"column":42}},"type":"default-arg","locations":[{"start":{"line":16,"column":40},"end":{"line":16,"column":42}}],"line":16}},"s":{"0":10,"1":10,"2":10,"3":10,"4":10,"5":10,"6":10,"7":10,"8":30,"9":1525,"10":1525,"11":1525,"12":1525,"13":1525,"14":1525,"15":10},"f":{"0":30,"1":1525},"b":{"0":[25]},"_coverageSchema":"1a1c01bbd47fc00a2c39e90264f33305004495a9","hash":"9c074054f405554a71d2bf05a15d44fe68d21d22"}
,"/Users/jkodu/work/deque/act-rules.github.io/utils/unique-array.js": {"path":"/Users/jkodu/work/deque/act-rules.github.io/utils/unique-array.js","statementMap":{"0":{"start":{"line":6,"column":1},"end":{"line":6,"column":27}},"1":{"start":{"line":9,"column":0},"end":{"line":9,"column":28}}},"fnMap":{"0":{"name":"uniqueArray","decl":{"start":{"line":5,"column":9},"end":{"line":5,"column":20}},"loc":{"start":{"line":5,"column":28},"end":{"line":7,"column":1}},"line":5}},"branchMap":{},"s":{"0":417,"1":3},"f":{"0":417},"b":{},"_coverageSchema":"1a1c01bbd47fc00a2c39e90264f33305004495a9","hash":"4d8975f0c69dcdf0b660b07751f78b4f1b1c0592"}
}
