TN:
SF:test-utils/describe-page.js
FN:11,(anonymous_0)
FN:16,(anonymous_1)
FN:18,(anonymous_2)
FN:20,(anonymous_3)
FN:21,(anonymous_4)
FNF:5
FNH:5
FNDA:5,(anonymous_0)
FNDA:195,(anonymous_1)
FNDA:280,(anonymous_2)
FNDA:280,(anonymous_3)
FNDA:280,(anonymous_4)
DA:1,5
DA:2,5
DA:11,5
DA:15,5
DA:16,195
DA:18,5
DA:19,280
DA:20,280
DA:21,280
DA:22,280
DA:28,5
LF:11
LH:11
BRF:0
BRH:0
end_of_record
TN:
SF:test-utils/describe-rule.js
FN:10,(anonymous_0)
FN:15,(anonymous_1)
FN:17,(anonymous_2)
FN:20,(anonymous_3)
FN:22,(anonymous_4)
FN:23,(anonymous_5)
FN:37,getRuleIdsOfRuleType
FN:38,(anonymous_7)
FNF:8
FNH:8
FNDA:10,(anonymous_0)
FNDA:280,(anonymous_1)
FNDA:390,(anonymous_2)
FNDA:660,(anonymous_3)
FNDA:660,(anonymous_4)
FNDA:660,(anonymous_5)
FNDA:10,getRuleIdsOfRuleType
FNDA:660,(anonymous_7)
DA:1,10
DA:2,10
DA:3,10
DA:10,10
DA:14,10
DA:15,280
DA:17,390
DA:20,10
DA:21,660
DA:22,660
DA:23,660
DA:24,660
DA:30,10
DA:38,10
DA:39,660
DA:40,660
DA:41,660
DA:42,590
DA:44,660
LF:19
LH:19
BRDA:41,0,0,590
BRDA:41,0,1,70
BRF:2
BRH:2
end_of_record
TN:
SF:utils/get-all-matches-for-regex.js
FN:8,(anonymous_0)
FN:15,getMatch
FNF:2
FNH:2
FNDA:236,(anonymous_0)
FNDA:591,getMatch
DA:8,1
DA:9,236
DA:10,0
DA:13,236
DA:16,591
DA:17,591
DA:18,355
DA:19,355
DA:20,355
DA:26,355
DA:31,355
DA:32,355
DA:33,355
DA:35,591
DA:38,236
DA:40,236
DA:43,1
LF:17
LH:16
BRDA:8,0,0,0
BRDA:9,1,0,0
BRDA:9,1,1,236
BRDA:17,2,0,355
BRDA:17,2,1,236
BRDA:20,3,0,0
BRDA:20,3,1,355
BRF:7
BRH:4
end_of_record
TN:
SF:utils/get-markdown-ast-nodes-of-type.js
FN:11,(anonymous_0)
FN:17,(anonymous_1)
FNF:2
FNH:2
FNDA:776,(anonymous_0)
FNDA:6184,(anonymous_1)
DA:1,5
DA:2,5
DA:11,5
DA:12,776
DA:13,776
DA:14,0
DA:17,776
DA:18,6184
DA:20,776
DA:23,5
LF:10
LH:9
BRDA:11,0,0,0
BRDA:13,1,0,0
BRDA:13,1,1,776
BRDA:13,2,0,776
BRDA:13,2,1,776
BRF:5
BRH:3
end_of_record
TN:
SF:utils/get-markdown-data.js
FN:16,(anonymous_0)
FN:17,(anonymous_1)
FNF:2
FNH:2
FNDA:30,(anonymous_0)
FNDA:1525,(anonymous_1)
DA:1,10
DA:2,10
DA:3,10
DA:4,10
DA:5,10
DA:6,10
DA:7,10
DA:16,10
DA:17,30
DA:18,1525
DA:20,1525
DA:21,1525
DA:24,1525
DA:26,1525
DA:27,1525
DA:37,10
LF:16
LH:16
BRDA:16,0,0,25
BRF:1
BRH:1
end_of_record
TN:
SF:utils/unique-array.js
FN:5,uniqueArray
FNF:1
FNH:1
FNDA:417,uniqueArray
DA:6,417
DA:9,3
LF:2
LH:2
BRF:0
BRH:0
end_of_record
